Flutter crash report.
Please report a bug at https://github.com/flutter/flutter/issues.

## command

flutter analyze

## exception

PathAccessException: PathAccessException: Cannot open file, path = '/home/ussef/.pub-cache/hosted/pub.dev/vector_math-2.2.0/pubspec.yaml' (OS Error: Permission denied, errno = 13)

```
#0      _checkForErrorResponse (dart:io/common.dart:58:9)
#1      _File.open.<anonymous closure> (dart:io/file_impl.dart:438:7)
#2      _rootRunUnary (dart:async/zone_root.dart:48:47)
#3      _CustomZone.runUnary (dart:async/zone.dart:733:19)
<asynchronous suspension>
#4      _File.readAsBytes.<anonymous closure> (dart:io/file_impl.dart:645:24)
<asynchronous suspension>
#5      _File.readAsString (dart:io/file_impl.dart:712:18)
<asynchronous suspension>
#6      _pluginFromPackage (package:flutter_tools/src/flutter_plugins.dart:72:24)
<asynchronous suspension>
#7      findPlugins (package:flutter_tools/src/flutter_plugins.dart:130:28)
<asynchronous suspension>
#8      refreshPluginsList (package:flutter_tools/src/flutter_plugins.dart:1170:32)
<asynchronous suspension>
#9      FlutterProject.ensureReadyForPlatformSpecificTooling (package:flutter_tools/src/project.dart:401:5)
<asynchronous suspension>
#10     FlutterCommand.regeneratePlatformSpecificToolingIfApplicable (package:flutter_tools/src/runner/flutter_command.dart:1970:5)
<asynchronous suspension>
#11     FlutterCommand.verifyThenRunCommand (package:flutter_tools/src/runner/flutter_command.dart:1926:7)
<asynchronous suspension>
#12     FlutterCommand.run.<anonymous closure> (package:flutter_tools/src/runner/flutter_command.dart:1590:27)
<asynchronous suspension>
#13     AppContext.run.<anonymous closure> (package:flutter_tools/src/base/context.dart:154:19)
<asynchronous suspension>
#14     CommandRunner.runCommand (package:args/command_runner.dart:212:13)
<asynchronous suspension>
#15     FlutterCommandRunner.runCommand.<anonymous closure> (package:flutter_tools/src/runner/flutter_command_runner.dart:496:9)
<asynchronous suspension>
#16     AppContext.run.<anonymous closure> (package:flutter_tools/src/base/context.dart:154:19)
<asynchronous suspension>
#17     FlutterCommandRunner.runCommand (package:flutter_tools/src/runner/flutter_command_runner.dart:431:5)
<asynchronous suspension>
#18     FlutterCommandRunner.run.<anonymous closure> (package:flutter_tools/src/runner/flutter_command_runner.dart:307:33)
<asynchronous suspension>
#19     run.<anonymous closure>.<anonymous closure> (package:flutter_tools/runner.dart:104:11)
<asynchronous suspension>
#20     AppContext.run.<anonymous closure> (package:flutter_tools/src/base/context.dart:154:19)
<asynchronous suspension>
#21     main (package:flutter_tools/executable.dart:103:3)
<asynchronous suspension>
```

## flutter doctor

```
[!] Flutter (Channel stable, 3.41.5, on Ubuntu Core 24 6.17.0-20-generic, locale en_US.UTF-8) [46ms]
    • Flutter version 3.41.5 on channel stable at /home/ussef/development/flutter
    ! The flutter binary is not on your path. Consider adding /home/ussef/development/flutter/bin to your path.
    ! The dart binary is not on your path. Consider adding /home/ussef/development/flutter/bin to your path.
    • Upstream repository https://github.com/flutter/flutter.git
    • Framework revision 2c9eb20739 (5 weeks ago), 2026-03-17 16:14:01 -0700
    • Engine revision 052f31d115
    • Dart version 3.11.3
    • DevTools version 2.54.2
    • Feature flags: enable-web, enable-linux-desktop, enable-macos-desktop, enable-windows-desktop, enable-android, enable-ios, cli-animations, enable-native-assets, omit-legacy-version-file, enable-lldb-debugging, enable-uiscene-migration
    • If those were intentional, you can disregard the above warnings; however it is recommended to use "git" directly to perform update checks and upgrades.

[!] Android toolchain - develop for Android devices (Android SDK version 36.1.0) [46ms]
    • Android SDK at /home/ussef/Android/Sdk
    • Emulator version unknown
    • Platform android-36, build-tools 36.1.0
    • ANDROID_HOME = /home/ussef/Android/Sdk
    ✗ No Java Development Kit (JDK) found; You must have the environment variable JAVA_HOME set and the java binary in your PATH. You can download the JDK from https://www.oracle.com/technetwork/java/javase/downloads/.

[✗] Chrome - develop for the web (Cannot find Chrome executable at google-chrome) [16ms]
    ! Cannot find Chrome. Try setting CHROME_EXECUTABLE to a Chrome executable.

[✗] Linux toolchain - develop for Linux desktop [22ms]
    ✗ clang++ is required for Linux development.
      It is likely available from your distribution (e.g.: apt install clang), or can be downloaded from https://releases.llvm.org/
    ✗ CMake is required for Linux development.
      It is likely available from your distribution (e.g.: apt install cmake), or can be downloaded from https://cmake.org/download/
    ✗ ninja is required for Linux development.
      It is likely available from your distribution (e.g.: apt install ninja-build), or can be downloaded from https://github.com/ninja-build/ninja/releases
    ✗ pkg-config is required for Linux development.
      It is likely available from your distribution (e.g.: apt install pkg-config), or can be downloaded from https://www.freedesktop.org/wiki/Software/pkg-config/

[✓] Connected device (1 available) [50ms]
    • Linux (desktop) • linux • linux-x64 • Ubuntu Core 24 6.17.0-20-generic

[✓] Network resources [556ms]
    • All expected network resources are available.

! Doctor found issues in 4 categories.
```
